{"D:\\gym-manager\\gym-manager-frontend\\src\\components\\auth\\LoginForm.tsx": {"path":"D:\\gym-manager\\gym-manager-frontend\\src\\components\\auth\\LoginForm.tsx","statementMap":{"0":{"start":{"line":31,"column":20},"end":{"line":35,"column":null}},"1":{"start":{"line":39,"column":18},"end":{"line":174,"column":null}},"2":{"start":{"line":40,"column":38},"end":{"line":40,"column":null}},"3":{"start":{"line":41,"column":24},"end":{"line":41,"column":null}},"4":{"start":{"line":42,"column":32},"end":{"line":42,"column":null}},"5":{"start":{"line":44,"column":8},"end":{"line":44,"column":null}},"6":{"start":{"line":45,"column":18},"end":{"line":45,"column":null}},"7":{"start":{"line":47,"column":8},"end":{"line":54,"column":null}},"8":{"start":{"line":56,"column":19},"end":{"line":73,"column":null}},"9":{"start":{"line":57,"column":4},"end":{"line":57,"column":null}},"10":{"start":{"line":58,"column":4},"end":{"line":58,"column":null}},"11":{"start":{"line":59,"column":4},"end":{"line":72,"column":null}},"12":{"start":{"line":60,"column":23},"end":{"line":63,"column":null}},"13":{"start":{"line":65,"column":6},"end":{"line":65,"column":null}},"14":{"start":{"line":66,"column":6},"end":{"line":66,"column":null}},"15":{"start":{"line":68,"column":22},"end":{"line":68,"column":null}},"16":{"start":{"line":69,"column":6},"end":{"line":69,"column":null}},"17":{"start":{"line":71,"column":6},"end":{"line":71,"column":null}},"18":{"start":{"line":75,"column":2},"end":{"line":172,"column":null}},"19":{"start":{"line":90,"column":16},"end":{"line":96,"column":null}},"20":{"start":{"line":103,"column":16},"end":{"line":131,"column":null}},"21":{"start":{"line":118,"column":37},"end":{"line":118,"column":null}},"22":{"start":{"line":138,"column":16},"end":{"line":150,"column":null}}},"fnMap":{"0":{"name":"(anonymous_0)","decl":{"start":{"line":39,"column":18},"end":{"line":39,"column":24}},"loc":{"start":{"line":39,"column":24},"end":{"line":174,"column":null}},"line":39},"1":{"name":"(anonymous_1)","decl":{"start":{"line":56,"column":19},"end":{"line":56,"column":26}},"loc":{"start":{"line":56,"column":50},"end":{"line":73,"column":null}},"line":56},"2":{"name":"(anonymous_2)","decl":{"start":{"line":89,"column":22},"end":{"line":89,"column":23}},"loc":{"start":{"line":90,"column":16},"end":{"line":96,"column":null}},"line":90},"3":{"name":"(anonymous_3)","decl":{"start":{"line":102,"column":22},"end":{"line":102,"column":23}},"loc":{"start":{"line":103,"column":16},"end":{"line":131,"column":null}},"line":103},"4":{"name":"(anonymous_4)","decl":{"start":{"line":118,"column":31},"end":{"line":118,"column":37}},"loc":{"start":{"line":118,"column":37},"end":{"line":118,"column":null}},"line":118},"5":{"name":"(anonymous_5)","decl":{"start":{"line":137,"column":22},"end":{"line":137,"column":23}},"loc":{"start":{"line":138,"column":16},"end":{"line":150,"column":null}},"line":138}},"branchMap":{"0":{"loc":{"start":{"line":68,"column":22},"end":{"line":68,"column":null}},"type":"binary-expr","locations":[{"start":{"line":68,"column":22},"end":{"line":68,"column":53}},{"start":{"line":68,"column":53},"end":{"line":68,"column":null}}],"line":68},"1":{"loc":{"start":{"line":108,"column":30},"end":{"line":108,"column":null}},"type":"cond-expr","locations":[{"start":{"line":108,"column":45},"end":{"line":108,"column":54}},{"start":{"line":108,"column":54},"end":{"line":108,"column":null}}],"line":108},"2":{"loc":{"start":{"line":120,"column":23},"end":{"line":123,"column":null}},"type":"cond-expr","locations":[{"start":{"line":121,"column":24},"end":{"line":121,"column":null}},{"start":{"line":123,"column":24},"end":{"line":123,"column":null}}],"line":120},"3":{"loc":{"start":{"line":126,"column":25},"end":{"line":126,"column":null}},"type":"cond-expr","locations":[{"start":{"line":126,"column":40},"end":{"line":126,"column":58}},{"start":{"line":126,"column":58},"end":{"line":126,"column":null}}],"line":126},"4":{"loc":{"start":{"line":153,"column":13},"end":{"line":156,"column":null}},"type":"binary-expr","locations":[{"start":{"line":153,"column":13},"end":{"line":153,"column":null}},{"start":{"line":154,"column":14},"end":{"line":156,"column":null}}],"line":153},"5":{"loc":{"start":{"line":159,"column":15},"end":{"line":159,"column":78}},"type":"binary-expr","locations":[{"start":{"line":159,"column":15},"end":{"line":159,"column":28}},{"start":{"line":159,"column":28},"end":{"line":159,"column":78}}],"line":159}},"s":{"0":1,"1":1,"2":8,"3":8,"4":8,"5":8,"6":8,"7":8,"8":8,"9":2,"10":2,"11":2,"12":2,"13":1,"14":1,"15":1,"16":1,"17":2,"18":8,"19":11,"20":11,"21":0,"22":8},"f":{"0":8,"1":2,"2":11,"3":11,"4":0,"5":8},"b":{"0":[1,0],"1":[0,11],"2":[0,11],"3":[0,11],"4":[8,1],"5":[8,0]},"meta":{"lastBranch":6,"lastFunction":6,"lastStatement":23,"seen":{"s:31:20:35:Infinity":0,"s:39:18:174:Infinity":1,"f:39:18:39:24":0,"s:40:38:40:Infinity":2,"s:41:24:41:Infinity":3,"s:42:32:42:Infinity":4,"s:44:8:44:Infinity":5,"s:45:18:45:Infinity":6,"s:47:8:54:Infinity":7,"s:56:19:73:Infinity":8,"f:56:19:56:26":1,"s:57:4:57:Infinity":9,"s:58:4:58:Infinity":10,"s:59:4:72:Infinity":11,"s:60:23:63:Infinity":12,"s:65:6:65:Infinity":13,"s:66:6:66:Infinity":14,"s:68:22:68:Infinity":15,"b:68:22:68:53:68:53:68:Infinity":0,"s:69:6:69:Infinity":16,"s:71:6:71:Infinity":17,"s:75:2:172:Infinity":18,"f:89:22:89:23":2,"s:90:16:96:Infinity":19,"f:102:22:102:23":3,"s:103:16:131:Infinity":20,"b:108:45:108:54:108:54:108:Infinity":1,"f:118:31:118:37":4,"s:118:37:118:Infinity":21,"b:121:24:121:Infinity:123:24:123:Infinity":2,"b:126:40:126:58:126:58:126:Infinity":3,"f:137:22:137:23":5,"s:138:16:150:Infinity":22,"b:153:13:153:Infinity:154:14:156:Infinity":4,"b:159:15:159:28:159:28:159:78":5}}}
,"D:\\gym-manager\\gym-manager-frontend\\src\\components\\ui\\button.tsx": {"path":"D:\\gym-manager\\gym-manager-frontend\\src\\components\\ui\\button.tsx","statementMap":{"0":{"start":{"line":7,"column":6},"end":{"line":39,"column":null}},"1":{"start":{"line":51,"column":15},"end":{"line":51,"column":null}},"2":{"start":{"line":53,"column":2},"end":{"line":60,"column":null}}},"fnMap":{"0":{"name":"Button","decl":{"start":{"line":41,"column":9},"end":{"line":41,"column":16}},"loc":{"start":{"line":50,"column":5},"end":{"line":62,"column":null}},"line":50}},"branchMap":{"0":{"loc":{"start":{"line":43,"column":2},"end":{"line":43,"column":null}},"type":"default-arg","locations":[{"start":{"line":43,"column":12},"end":{"line":43,"column":null}}],"line":43},"1":{"loc":{"start":{"line":44,"column":2},"end":{"line":44,"column":null}},"type":"default-arg","locations":[{"start":{"line":44,"column":9},"end":{"line":44,"column":null}}],"line":44},"2":{"loc":{"start":{"line":45,"column":2},"end":{"line":45,"column":null}},"type":"default-arg","locations":[{"start":{"line":45,"column":12},"end":{"line":45,"column":null}}],"line":45},"3":{"loc":{"start":{"line":51,"column":15},"end":{"line":51,"column":null}},"type":"cond-expr","locations":[{"start":{"line":51,"column":25},"end":{"line":51,"column":37}},{"start":{"line":51,"column":37},"end":{"line":51,"column":null}}],"line":51}},"s":{"0":1,"1":16,"2":16},"f":{"0":16},"b":{"0":[16],"1":[16],"2":[16],"3":[0,16]},"meta":{"lastBranch":4,"lastFunction":1,"lastStatement":3,"seen":{"s:7:6:39:Infinity":0,"f:41:9:41:16":0,"b:43:12:43:Infinity":0,"b:44:9:44:Infinity":1,"b:45:12:45:Infinity":2,"s:51:15:51:Infinity":1,"b:51:25:51:37:51:37:51:Infinity":3,"s:53:2:60:Infinity":2}}}
,"D:\\gym-manager\\gym-manager-frontend\\src\\components\\ui\\card.tsx": {"path":"D:\\gym-manager\\gym-manager-frontend\\src\\components\\ui\\card.tsx","statementMap":{"0":{"start":{"line":6,"column":2},"end":{"line":14,"column":null}},"1":{"start":{"line":19,"column":2},"end":{"line":27,"column":null}},"2":{"start":{"line":32,"column":2},"end":{"line":37,"column":null}},"3":{"start":{"line":42,"column":2},"end":{"line":47,"column":null}},"4":{"start":{"line":52,"column":2},"end":{"line":60,"column":null}},"5":{"start":{"line":65,"column":2},"end":{"line":70,"column":null}},"6":{"start":{"line":75,"column":2},"end":{"line":80,"column":null}}},"fnMap":{"0":{"name":"Card","decl":{"start":{"line":5,"column":9},"end":{"line":5,"column":14}},"loc":{"start":{"line":5,"column":68},"end":{"line":16,"column":null}},"line":5},"1":{"name":"CardHeader","decl":{"start":{"line":18,"column":9},"end":{"line":18,"column":20}},"loc":{"start":{"line":18,"column":74},"end":{"line":29,"column":null}},"line":18},"2":{"name":"CardTitle","decl":{"start":{"line":31,"column":9},"end":{"line":31,"column":19}},"loc":{"start":{"line":31,"column":73},"end":{"line":39,"column":null}},"line":31},"3":{"name":"CardDescription","decl":{"start":{"line":41,"column":9},"end":{"line":41,"column":25}},"loc":{"start":{"line":41,"column":79},"end":{"line":49,"column":null}},"line":41},"4":{"name":"CardAction","decl":{"start":{"line":51,"column":9},"end":{"line":51,"column":20}},"loc":{"start":{"line":51,"column":74},"end":{"line":62,"column":null}},"line":51},"5":{"name":"CardContent","decl":{"start":{"line":64,"column":9},"end":{"line":64,"column":21}},"loc":{"start":{"line":64,"column":75},"end":{"line":72,"column":null}},"line":64},"6":{"name":"CardFooter","decl":{"start":{"line":74,"column":9},"end":{"line":74,"column":20}},"loc":{"start":{"line":74,"column":74},"end":{"line":82,"column":null}},"line":74}},"branchMap":{},"s":{"0":7,"1":7,"2":7,"3":7,"4":0,"5":7,"6":7},"f":{"0":7,"1":7,"2":7,"3":7,"4":0,"5":7,"6":7},"b":{},"meta":{"lastBranch":0,"lastFunction":7,"lastStatement":7,"seen":{"f:5:9:5:14":0,"s:6:2:14:Infinity":0,"f:18:9:18:20":1,"s:19:2:27:Infinity":1,"f:31:9:31:19":2,"s:32:2:37:Infinity":2,"f:41:9:41:25":3,"s:42:2:47:Infinity":3,"f:51:9:51:20":4,"s:52:2:60:Infinity":4,"f:64:9:64:21":5,"s:65:2:70:Infinity":5,"f:74:9:74:20":6,"s:75:2:80:Infinity":6}}}
,"D:\\gym-manager\\gym-manager-frontend\\src\\components\\ui\\checkbox.tsx": {"path":"D:\\gym-manager\\gym-manager-frontend\\src\\components\\ui\\checkbox.tsx","statementMap":{"0":{"start":{"line":11,"column":2},"end":{"line":26,"column":null}}},"fnMap":{"0":{"name":"Checkbox","decl":{"start":{"line":7,"column":9},"end":{"line":7,"column":18}},"loc":{"start":{"line":10,"column":56},"end":{"line":28,"column":null}},"line":10}},"branchMap":{},"s":{"0":7},"f":{"0":7},"b":{},"meta":{"lastBranch":0,"lastFunction":1,"lastStatement":1,"seen":{"f:7:9:7:18":0,"s:11:2:26:Infinity":0}}}
,"D:\\gym-manager\\gym-manager-frontend\\src\\components\\ui\\form.tsx": {"path":"D:\\gym-manager\\gym-manager-frontend\\src\\components\\ui\\form.tsx","statementMap":{"0":{"start":{"line":17,"column":13},"end":{"line":17,"column":null}},"1":{"start":{"line":26,"column":25},"end":{"line":28,"column":null}},"2":{"start":{"line":30,"column":18},"end":{"line":41,"column":null}},"3":{"start":{"line":36,"column":2},"end":{"line":39,"column":null}},"4":{"start":{"line":43,"column":21},"end":{"line":64,"column":null}},"5":{"start":{"line":44,"column":23},"end":{"line":44,"column":null}},"6":{"start":{"line":45,"column":22},"end":{"line":45,"column":null}},"7":{"start":{"line":46,"column":24},"end":{"line":46,"column":null}},"8":{"start":{"line":47,"column":8},"end":{"line":47,"column":null}},"9":{"start":{"line":48,"column":21},"end":{"line":48,"column":null}},"10":{"start":{"line":50,"column":2},"end":{"line":52,"column":null}},"11":{"start":{"line":51,"column":4},"end":{"line":51,"column":null}},"12":{"start":{"line":54,"column":17},"end":{"line":54,"column":null}},"13":{"start":{"line":56,"column":2},"end":{"line":63,"column":null}},"14":{"start":{"line":70,"column":24},"end":{"line":72,"column":null}},"15":{"start":{"line":75,"column":13},"end":{"line":75,"column":null}},"16":{"start":{"line":77,"column":2},"end":{"line":84,"column":null}},"17":{"start":{"line":92,"column":32},"end":{"line":92,"column":null}},"18":{"start":{"line":94,"column":2},"end":{"line":101,"column":null}},"19":{"start":{"line":106,"column":66},"end":{"line":106,"column":null}},"20":{"start":{"line":108,"column":2},"end":{"line":119,"column":null}},"21":{"start":{"line":124,"column":32},"end":{"line":124,"column":null}},"22":{"start":{"line":126,"column":2},"end":{"line":132,"column":null}},"23":{"start":{"line":137,"column":35},"end":{"line":137,"column":null}},"24":{"start":{"line":138,"column":15},"end":{"line":138,"column":null}},"25":{"start":{"line":140,"column":2},"end":{"line":142,"column":null}},"26":{"start":{"line":141,"column":4},"end":{"line":141,"column":null}},"27":{"start":{"line":144,"column":2},"end":{"line":152,"column":null}}},"fnMap":{"0":{"name":"(anonymous_0)","decl":{"start":{"line":30,"column":18},"end":{"line":30,"column":null}},"loc":{"start":{"line":35,"column":44},"end":{"line":41,"column":null}},"line":35},"1":{"name":"(anonymous_1)","decl":{"start":{"line":43,"column":21},"end":{"line":43,"column":27}},"loc":{"start":{"line":43,"column":27},"end":{"line":64,"column":null}},"line":43},"2":{"name":"FormItem","decl":{"start":{"line":74,"column":9},"end":{"line":74,"column":18}},"loc":{"start":{"line":74,"column":72},"end":{"line":86,"column":null}},"line":74},"3":{"name":"FormLabel","decl":{"start":{"line":88,"column":9},"end":{"line":88,"column":19}},"loc":{"start":{"line":91,"column":53},"end":{"line":103,"column":null}},"line":91},"4":{"name":"FormControl","decl":{"start":{"line":105,"column":9},"end":{"line":105,"column":21}},"loc":{"start":{"line":105,"column":75},"end":{"line":121,"column":null}},"line":105},"5":{"name":"FormDescription","decl":{"start":{"line":123,"column":9},"end":{"line":123,"column":25}},"loc":{"start":{"line":123,"column":77},"end":{"line":134,"column":null}},"line":123},"6":{"name":"FormMessage","decl":{"start":{"line":136,"column":9},"end":{"line":136,"column":21}},"loc":{"start":{"line":136,"column":73},"end":{"line":154,"column":null}},"line":136}},"branchMap":{"0":{"loc":{"start":{"line":50,"column":2},"end":{"line":52,"column":null}},"type":"if","locations":[{"start":{"line":50,"column":2},"end":{"line":52,"column":null}},{"start":{},"end":{}}],"line":50},"1":{"loc":{"start":{"line":113,"column":8},"end":{"line":115,"column":null}},"type":"cond-expr","locations":[{"start":{"line":114,"column":12},"end":{"line":114,"column":null}},{"start":{"line":115,"column":12},"end":{"line":115,"column":null}}],"line":113},"2":{"loc":{"start":{"line":138,"column":15},"end":{"line":138,"column":null}},"type":"cond-expr","locations":[{"start":{"line":138,"column":23},"end":{"line":138,"column":54}},{"start":{"line":138,"column":54},"end":{"line":138,"column":null}}],"line":138},"3":{"loc":{"start":{"line":138,"column":30},"end":{"line":138,"column":50}},"type":"binary-expr","locations":[{"start":{"line":138,"column":30},"end":{"line":138,"column":48}},{"start":{"line":138,"column":48},"end":{"line":138,"column":50}}],"line":138},"4":{"loc":{"start":{"line":140,"column":2},"end":{"line":142,"column":null}},"type":"if","locations":[{"start":{"line":140,"column":2},"end":{"line":142,"column":null}},{"start":{},"end":{}}],"line":140}},"s":{"0":1,"1":1,"2":1,"3":21,"4":1,"5":66,"6":66,"7":66,"8":66,"9":66,"10":66,"11":0,"12":66,"13":66,"14":1,"15":18,"16":18,"17":22,"18":22,"19":22,"20":22,"21":0,"22":0,"23":22,"24":22,"25":22,"26":20,"27":2},"f":{"0":21,"1":66,"2":18,"3":22,"4":22,"5":0,"6":22},"b":{"0":[0,66],"1":[20,2],"2":[2,20],"3":[2,0],"4":[20,2]},"meta":{"lastBranch":5,"lastFunction":7,"lastStatement":28,"seen":{"s:17:13:17:Infinity":0,"s:26:25:28:Infinity":1,"s:30:18:41:Infinity":2,"f:30:18:30:Infinity":0,"s:36:2:39:Infinity":3,"s:43:21:64:Infinity":4,"f:43:21:43:27":1,"s:44:23:44:Infinity":5,"s:45:22:45:Infinity":6,"s:46:24:46:Infinity":7,"s:47:8:47:Infinity":8,"s:48:21:48:Infinity":9,"b:50:2:52:Infinity:undefined:undefined:undefined:undefined":0,"s:50:2:52:Infinity":10,"s:51:4:51:Infinity":11,"s:54:17:54:Infinity":12,"s:56:2:63:Infinity":13,"s:70:24:72:Infinity":14,"f:74:9:74:18":2,"s:75:13:75:Infinity":15,"s:77:2:84:Infinity":16,"f:88:9:88:19":3,"s:92:32:92:Infinity":17,"s:94:2:101:Infinity":18,"f:105:9:105:21":4,"s:106:66:106:Infinity":19,"s:108:2:119:Infinity":20,"b:114:12:114:Infinity:115:12:115:Infinity":1,"f:123:9:123:25":5,"s:124:32:124:Infinity":21,"s:126:2:132:Infinity":22,"f:136:9:136:21":6,"s:137:35:137:Infinity":23,"s:138:15:138:Infinity":24,"b:138:23:138:54:138:54:138:Infinity":2,"b:138:30:138:48:138:48:138:50":3,"b:140:2:142:Infinity:undefined:undefined:undefined:undefined":4,"s:140:2:142:Infinity":25,"s:141:4:141:Infinity":26,"s:144:2:152:Infinity":27}}}
,"D:\\gym-manager\\gym-manager-frontend\\src\\components\\ui\\input.tsx": {"path":"D:\\gym-manager\\gym-manager-frontend\\src\\components\\ui\\input.tsx","statementMap":{"0":{"start":{"line":6,"column":2},"end":{"line":17,"column":null}}},"fnMap":{"0":{"name":"Input","decl":{"start":{"line":5,"column":9},"end":{"line":5,"column":15}},"loc":{"start":{"line":5,"column":77},"end":{"line":19,"column":null}},"line":5}},"branchMap":{},"s":{"0":22},"f":{"0":22},"b":{},"meta":{"lastBranch":0,"lastFunction":1,"lastStatement":1,"seen":{"f:5:9:5:15":0,"s:6:2:17:Infinity":0}}}
,"D:\\gym-manager\\gym-manager-frontend\\src\\components\\ui\\label.tsx": {"path":"D:\\gym-manager\\gym-manager-frontend\\src\\components\\ui\\label.tsx","statementMap":{"0":{"start":{"line":12,"column":2},"end":{"line":20,"column":null}}},"fnMap":{"0":{"name":"Label","decl":{"start":{"line":8,"column":9},"end":{"line":8,"column":15}},"loc":{"start":{"line":11,"column":53},"end":{"line":22,"column":null}},"line":11}},"branchMap":{},"s":{"0":22},"f":{"0":22},"b":{},"meta":{"lastBranch":0,"lastFunction":1,"lastStatement":1,"seen":{"f:8:9:8:15":0,"s:12:2:20:Infinity":0}}}
,"D:\\gym-manager\\gym-manager-frontend\\src\\lib\\utils.ts": {"path":"D:\\gym-manager\\gym-manager-frontend\\src\\lib\\utils.ts","statementMap":{"0":{"start":{"line":5,"column":2},"end":{"line":5,"column":null}}},"fnMap":{"0":{"name":"cn","decl":{"start":{"line":4,"column":16},"end":{"line":4,"column":22}},"loc":{"start":{"line":4,"column":44},"end":{"line":6,"column":null}},"line":4}},"branchMap":{},"s":{"0":151},"f":{"0":151},"b":{},"meta":{"lastBranch":0,"lastFunction":1,"lastStatement":1,"seen":{"f:4:16:4:22":0,"s:5:2:5:Infinity":0}}}
,"D:\\gym-manager\\gym-manager-frontend\\src\\types\\auth.types.ts": {"path":"D:\\gym-manager\\gym-manager-frontend\\src\\types\\auth.types.ts","statementMap":{},"fnMap":{},"branchMap":{},"s":{},"f":{},"b":{},"meta":{"lastBranch":0,"lastFunction":0,"lastStatement":0,"seen":{}}}
}
